<?xml version="1.0" encoding="UTF-8"?>
<!-- Generated by org.testng.reporters.JUnitXMLReporter -->
<testsuite hostname="DESKTOP-5E79NDD" ignored="0" name="Test" tests="1" failures="1" timestamp="29 Oct 2017 17:14:04 GMT" time="12.371" errors="0">
  <testcase name="f" time="0.017" classname="com.screenshots.TestCaptureScreenshot">
    <failure type="java.lang.AssertionError" message="expected [Facebook - Log In or Sign Up] but found [Facebook]">
      <![CDATA[java.lang.AssertionError: expected [Facebook - Log In or Sign Up] but found [Facebook]
	at com.screenshots.TestCaptureScreenshot.f(TestCaptureScreenshot.java:19)
... Removed 31 stack frames]]>
    </failure>
  </testcase> <!-- f -->
</testsuite> <!-- Test -->
