<?xml version="1.0" encoding="UTF-8"?>
<!-- Generated by org.testng.reporters.JUnitXMLReporter -->
<testsuite hostname="DESKTOP-5E79NDD" ignored="0" name="Command line test" tests="3" failures="0" timestamp="02 Oct 2017 18:16:08 GMT" time="46.359" errors="0">
  <testcase name="f" time="0.001" classname="Test_App.ExplicitWaitTest"/>
  <testcase name="f" time="9.294" classname="Test_App.TestAlert_Popups"/>
  <testcase name="Initialization" time="0.0" classname="Test_App.TestPractice1"/>
</testsuite> <!-- Command line test -->
