<?xml version="1.0" encoding="UTF-8"?>
<testng-results skipped="0" failed="0" ignored="0" total="3" passed="3">
  <reporter-output>
  </reporter-output>
  <suite name="Command line suite" duration-ms="46359" started-at="2017-10-02T18:15:22Z" finished-at="2017-10-02T18:16:08Z">
    <groups>
    </groups>
    <test name="Command line test" duration-ms="46359" started-at="2017-10-02T18:15:22Z" finished-at="2017-10-02T18:16:08Z">
      <class name="Test_App.TestPractice1">
        <test-method status="PASS" signature="beforeMethod()[pri:0, instance:Test_App.TestPractice1@26ba2a48]" name="beforeMethod" is-config="true" duration-ms="1" started-at="2017-10-02T20:16:05Z" finished-at="2017-10-02T20:16:05Z">
          <reporter-output>
          </reporter-output>
        </test-method> <!-- beforeMethod -->
        <test-method status="PASS" signature="Initialization()[pri:0, instance:Test_App.TestPractice1@26ba2a48]" name="Initialization" duration-ms="0" started-at="2017-10-02T20:16:05Z" finished-at="2017-10-02T20:16:05Z">
          <reporter-output>
          </reporter-output>
        </test-method> <!-- Initialization -->
        <test-method status="PASS" signature="afterMethod()[pri:0, instance:Test_App.TestPractice1@26ba2a48]" name="afterMethod" is-config="true" duration-ms="0" started-at="2017-10-02T20:16:05Z" finished-at="2017-10-02T20:16:05Z">
          <reporter-output>
          </reporter-output>
        </test-method> <!-- afterMethod -->
      </class> <!-- Test_App.TestPractice1 -->
      <class name="Test_App.ExplicitWaitTest">
        <test-method status="PASS" signature="beforeTest()[pri:0, instance:Test_App.ExplicitWaitTest@dfd3711]" name="beforeTest" is-config="true" duration-ms="19595" started-at="2017-10-02T20:15:22Z" finished-at="2017-10-02T20:15:41Z">
          <reporter-output>
          </reporter-output>
        </test-method> <!-- beforeTest -->
        <test-method status="PASS" signature="beforeTest()[pri:0, instance:Test_App.TestAlert_Popups@42d3bd8b]" name="beforeTest" is-config="true" duration-ms="4339" started-at="2017-10-02T20:15:41Z" finished-at="2017-10-02T20:15:46Z">
          <reporter-output>
          </reporter-output>
        </test-method> <!-- beforeTest -->
        <test-method status="PASS" signature="beforeTest()[pri:0, instance:Test_App.TestPractice1@26ba2a48]" name="beforeTest" is-config="true" duration-ms="10485" started-at="2017-10-02T20:15:46Z" finished-at="2017-10-02T20:15:56Z">
          <reporter-output>
          </reporter-output>
        </test-method> <!-- beforeTest -->
        <test-method status="PASS" signature="f()[pri:0, instance:Test_App.ExplicitWaitTest@dfd3711]" name="f" duration-ms="1" started-at="2017-10-02T20:15:56Z" finished-at="2017-10-02T20:15:56Z">
          <reporter-output>
          </reporter-output>
        </test-method> <!-- f -->
        <test-method status="PASS" signature="afterTest()[pri:0, instance:Test_App.ExplicitWaitTest@dfd3711]" name="afterTest" is-config="true" duration-ms="2098" started-at="2017-10-02T20:16:05Z" finished-at="2017-10-02T20:16:07Z">
          <reporter-output>
          </reporter-output>
        </test-method> <!-- afterTest -->
        <test-method status="PASS" signature="afterTest()[pri:0, instance:Test_App.TestAlert_Popups@42d3bd8b]" name="afterTest" is-config="true" duration-ms="199" started-at="2017-10-02T20:16:07Z" finished-at="2017-10-02T20:16:08Z">
          <reporter-output>
          </reporter-output>
        </test-method> <!-- afterTest -->
        <test-method status="PASS" signature="afterTest()[pri:0, instance:Test_App.TestPractice1@26ba2a48]" name="afterTest" is-config="true" duration-ms="307" started-at="2017-10-02T20:16:08Z" finished-at="2017-10-02T20:16:08Z">
          <reporter-output>
          </reporter-output>
        </test-method> <!-- afterTest -->
      </class> <!-- Test_App.ExplicitWaitTest -->
      <class name="Test_App.TestAlert_Popups">
        <test-method status="PASS" signature="beforeMethod()[pri:0, instance:Test_App.TestAlert_Popups@42d3bd8b]" name="beforeMethod" is-config="true" duration-ms="1" started-at="2017-10-02T20:15:56Z" finished-at="2017-10-02T20:15:56Z">
          <reporter-output>
          </reporter-output>
        </test-method> <!-- beforeMethod -->
        <test-method status="PASS" signature="f()[pri:0, instance:Test_App.TestAlert_Popups@42d3bd8b]" name="f" duration-ms="9294" started-at="2017-10-02T20:15:56Z" finished-at="2017-10-02T20:16:05Z">
          <reporter-output>
          </reporter-output>
        </test-method> <!-- f -->
      </class> <!-- Test_App.TestAlert_Popups -->
    </test> <!-- Command line test -->
  </suite> <!-- Command line suite -->
</testng-results>
