<?xml version="1.0" encoding="UTF-8"?>
<testng-results skipped="0" failed="0" ignored="0" total="1" passed="1">
  <reporter-output>
  </reporter-output>
  <suite name="Default suite" duration-ms="5193" started-at="2017-10-03T17:56:14Z" finished-at="2017-10-03T17:56:19Z">
    <groups>
    </groups>
    <test name="Default test" duration-ms="5193" started-at="2017-10-03T17:56:14Z" finished-at="2017-10-03T17:56:19Z">
      <class name="pageobjectmodel.POMTest">
        <test-method status="PASS" signature="beforeTest()[pri:0, instance:pageobjectmodel.POMTest@26be92ad]" name="beforeTest" is-config="true" duration-ms="5073" started-at="2017-10-03T19:56:14Z" finished-at="2017-10-03T19:56:19Z">
          <reporter-output>
          </reporter-output>
        </test-method> <!-- beforeTest -->
        <test-method status="PASS" signature="f()[pri:0, instance:pageobjectmodel.POMTest@26be92ad]" name="f" duration-ms="86" started-at="2017-10-03T19:56:19Z" finished-at="2017-10-03T19:56:19Z">
          <reporter-output>
          </reporter-output>
        </test-method> <!-- f -->
        <test-method status="PASS" signature="afterTest()[pri:0, instance:pageobjectmodel.POMTest@26be92ad]" name="afterTest" is-config="true" duration-ms="1" started-at="2017-10-03T19:56:19Z" finished-at="2017-10-03T19:56:19Z">
          <reporter-output>
          </reporter-output>
        </test-method> <!-- afterTest -->
      </class> <!-- pageobjectmodel.POMTest -->
    </test> <!-- Default test -->
  </suite> <!-- Default suite -->
</testng-results>
